<?xml version="1.0" encoding="utf-8"?><testsuites name="pytest tests"><testsuite name="pytest" errors="0" failures="0" skipped="0" tests="13" time="3.128" timestamp="2026-04-21T14:14:30.160731+00:00" hostname="agent-env-1d72e609-d16f-4a9d-b32f-7b8752ad055c"><testcase classname="backend.tests.test_email_templates_iter35.TestList" name="test_requires_admin" time="0.587" /><testcase classname="backend.tests.test_email_templates_iter35.TestList" name="test_list_returns_10_templates_with_variables" time="0.062" /><testcase classname="backend.tests.test_email_templates_iter35.TestGet" name="test_get_existing" time="0.047" /><testcase classname="backend.tests.test_email_templates_iter35.TestGet" name="test_get_unknown_404" time="0.047" /><testcase classname="backend.tests.test_email_templates_iter35.TestUpdate" name="test_update_and_ignore_other_keys" time="0.153" /><testcase classname="backend.tests.test_email_templates_iter35.TestUpdate" name="test_update_no_editable_fields_returns_400" time="0.057" /><testcase classname="backend.tests.test_email_templates_iter35.TestReset" name="test_reset_restores_default" time="0.102" /><testcase classname="backend.tests.test_email_templates_iter35.TestReset" name="test_reset_unknown_key_404" time="0.051" /><testcase classname="backend.tests.test_email_templates_iter35.TestPreview" name="test_preview_variables_and_wrapping" time="0.067" /><testcase classname="backend.tests.test_email_templates_iter35.TestPreview" name="test_preview_auto_fills_app_url_from_env" time="0.058" /><testcase classname="backend.tests.test_email_templates_iter35.TestPartnerDeepLinkRendering" name="test_rendered_html_contains_open_user_deep_link" time="0.048" /><testcase classname="backend.tests.test_email_templates_iter35.TestPasswordReset" name="test_forgot_password_accepts_known_email" time="1.532" /><testcase classname="backend.tests.test_email_templates_iter35.TestSeedIdempotency" name="test_admin_edit_survives_backend_restart_marker" time="0.246" /></testsuite></testsuites>