<?xml version="1.0" encoding="utf-8"?><testsuites name="pytest tests"><testsuite name="pytest" errors="0" failures="0" skipped="0" tests="14" time="4.152" timestamp="2026-04-15T09:26:01.934507+00:00" hostname="agent-env-1d72e609-d16f-4a9d-b32f-7b8752ad055c"><testcase classname="backend.tests.test_settings_api.TestSettingsAPI" name="test_get_settings_public" time="0.222" /><testcase classname="backend.tests.test_settings_api.TestSettingsAPI" name="test_admin_login" time="0.334" /><testcase classname="backend.tests.test_settings_api.TestSettingsAPI" name="test_update_settings_requires_admin" time="0.101" /><testcase classname="backend.tests.test_settings_api.TestSettingsAPI" name="test_update_settings_as_admin" time="0.423" /><testcase classname="backend.tests.test_settings_api.TestSettingsAPI" name="test_update_settings_as_regular_user_fails" time="0.381" /><testcase classname="backend.tests.test_settings_api.TestExistingAPIs" name="test_health_check" time="0.142" /><testcase classname="backend.tests.test_settings_api.TestExistingAPIs" name="test_cms_home_content" time="0.108" /><testcase classname="backend.tests.test_settings_api.TestExistingAPIs" name="test_partners_list" time="0.102" /><testcase classname="backend.tests.test_settings_api.TestExistingAPIs" name="test_steps_require_auth" time="0.119" /><testcase classname="backend.tests.test_settings_api.TestExistingAPIs" name="test_user_dashboard_flow" time="0.536" /><testcase classname="backend.tests.test_settings_api.TestAdminDashboard" name="test_admin_users_list" time="0.406" /><testcase classname="backend.tests.test_settings_api.TestAdminDashboard" name="test_admin_steps_list" time="0.380" /><testcase classname="backend.tests.test_settings_api.TestAdminDashboard" name="test_admin_partners_list" time="0.418" /><testcase classname="backend.tests.test_settings_api.TestAdminDashboard" name="test_admin_analytics" time="0.394" /></testsuite></testsuites>