<?xml version="1.0" encoding="utf-8"?><testsuites name="pytest tests"><testsuite name="pytest" errors="0" failures="0" skipped="0" tests="7" time="4.018" timestamp="2026-04-16T08:34:23.740528+00:00" hostname="agent-env-1d72e609-d16f-4a9d-b32f-7b8752ad055c"><testcase classname="backend.tests.test_impersonation.TestAdminImpersonation" name="test_admin_can_impersonate_user" time="0.548" /><testcase classname="backend.tests.test_impersonation.TestAdminImpersonation" name="test_admin_can_impersonate_partner" time="0.515" /><testcase classname="backend.tests.test_impersonation.TestAdminImpersonation" name="test_impersonated_token_works" time="0.600" /><testcase classname="backend.tests.test_impersonation.TestAdminImpersonation" name="test_non_admin_cannot_impersonate" time="0.926" /><testcase classname="backend.tests.test_impersonation.TestAdminImpersonation" name="test_impersonate_nonexistent_user" time="0.422" /><testcase classname="backend.tests.test_impersonation.TestAdminImpersonation" name="test_impersonate_creates_audit_log" time="0.530" /><testcase classname="backend.tests.test_impersonation.TestEstimatedCompletionInHeader" name="test_estimated_completion_endpoint" time="0.411" /></testsuite></testsuites>