<?xml version="1.0" encoding="utf-8"?><testsuites name="pytest tests"><testsuite name="pytest" errors="0" failures="0" skipped="1" tests="45" time="18.812" timestamp="2026-04-16T09:32:06.442960+00:00" hostname="agent-env-1d72e609-d16f-4a9d-b32f-7b8752ad055c"><testcase classname="tests.test_impersonation.TestAdminImpersonation" name="test_admin_can_impersonate_user" time="0.493" /><testcase classname="tests.test_impersonation.TestAdminImpersonation" name="test_admin_can_impersonate_partner" time="0.466" /><testcase classname="tests.test_impersonation.TestAdminImpersonation" name="test_impersonated_token_works" time="0.627" /><testcase classname="tests.test_impersonation.TestAdminImpersonation" name="test_non_admin_cannot_impersonate" time="0.888" /><testcase classname="tests.test_impersonation.TestAdminImpersonation" name="test_impersonate_nonexistent_user" time="0.399" /><testcase classname="tests.test_impersonation.TestAdminImpersonation" name="test_impersonate_creates_audit_log" time="0.552" /><testcase classname="tests.test_impersonation.TestEstimatedCompletionInHeader" name="test_estimated_completion_endpoint" time="0.408" /><testcase classname="tests.test_iteration17_features.TestDuplicateSubmissionFix" name="test_submit_to_partner_creates_submission" time="0.923" /><testcase classname="tests.test_iteration17_features.TestDuplicateSubmissionFix" name="test_submit_twice_to_same_partner_updates_not_duplicates" time="0.938" /><testcase classname="tests.test_iteration17_features.TestDuplicateSubmissionFix" name="test_partner_submission_list_shows_each_user_once" time="0.407" /><testcase classname="tests.test_iteration17_features.TestStepDataDisplay" name="test_user_detail_returns_steps_with_fields" time="0.410" /><testcase classname="tests.test_iteration17_features.TestStepDataDisplay" name="test_user_detail_returns_progress_with_data" time="0.409" /><testcase classname="tests.test_iteration17_features.TestStepDataDisplay" name="test_partner_selection_step_has_selected_partner_data" time="0.405" /><testcase classname="tests.test_iteration17_features.TestPartnerCompleteButton" name="test_partner_can_complete_step" time="0.409"><skipped type="pytest.skip" message="All steps already completed">/app/backend/tests/test_iteration17_features.py:327: All steps already completed</skipped></testcase><testcase classname="tests.test_partner_api.TestPartnerUserDetailAPI" name="test_partner_can_get_user_detail_with_submission" time="0.424" /><testcase classname="tests.test_partner_api.TestPartnerUserDetailAPI" name="test_partner_cannot_access_user_without_submission" time="0.821" /><testcase classname="tests.test_partner_api.TestPartnerUserDetailAPI" name="test_regular_user_cannot_access_partner_endpoint" time="0.406" /><testcase classname="tests.test_partner_api.TestPartnerUserDetailAPI" name="test_unauthenticated_cannot_access_partner_endpoint" time="0.136" /><testcase classname="tests.test_partner_api.TestPartnerUpdateProgressAPI" name="test_partner_can_update_user_progress" time="0.480" /><testcase classname="tests.test_partner_api.TestPartnerUpdateProgressAPI" name="test_partner_cannot_update_progress_for_non_submitted_user" time="0.826" /><testcase classname="tests.test_partner_api.TestPartnerUpdateProgressAPI" name="test_regular_user_cannot_use_partner_update_endpoint" time="0.417" /><testcase classname="tests.test_partner_api.TestAuthLogout" name="test_demo_user_logout" time="0.507" /><testcase classname="tests.test_partner_api.TestAuthLogout" name="test_admin_logout" time="0.475" /><testcase classname="tests.test_partner_api.TestAuthLogout" name="test_partner_logout" time="0.482" /><testcase classname="tests.test_settings_api.TestSettingsAPI" name="test_get_settings_public" time="0.125" /><testcase classname="tests.test_settings_api.TestSettingsAPI" name="test_admin_login" time="0.343" /><testcase classname="tests.test_settings_api.TestSettingsAPI" name="test_update_settings_requires_admin" time="0.150" /><testcase classname="tests.test_settings_api.TestSettingsAPI" name="test_update_settings_as_admin" time="0.472" /><testcase classname="tests.test_settings_api.TestSettingsAPI" name="test_update_settings_as_regular_user_fails" time="0.420" /><testcase classname="tests.test_settings_api.TestExistingAPIs" name="test_health_check" time="0.120" /><testcase classname="tests.test_settings_api.TestExistingAPIs" name="test_cms_home_content" time="0.122" /><testcase classname="tests.test_settings_api.TestExistingAPIs" name="test_partners_list" time="0.124" /><testcase classname="tests.test_settings_api.TestExistingAPIs" name="test_steps_require_auth" time="0.120" /><testcase classname="tests.test_settings_api.TestExistingAPIs" name="test_user_dashboard_flow" time="0.528" /><testcase classname="tests.test_settings_api.TestAdminDashboard" name="test_admin_users_list" time="0.418" /><testcase classname="tests.test_settings_api.TestAdminDashboard" name="test_admin_steps_list" time="0.450" /><testcase classname="tests.test_settings_api.TestAdminDashboard" name="test_admin_partners_list" time="0.421" /><testcase classname="tests.test_settings_api.TestAdminDashboard" name="test_admin_analytics" time="0.429" /><testcase classname="tests.test_step_duration.TestAdminStepsDuration" name="test_admin_steps_returns_duration_fields" time="0.411" /><testcase classname="tests.test_step_duration.TestAdminStepsDuration" name="test_admin_update_step_duration" time="0.228" /><testcase classname="tests.test_step_duration.TestUserEstimatedCompletion" name="test_user_estimated_completion_endpoint" time="0.417" /><testcase classname="tests.test_step_duration.TestAdminUsersEstimatedCompletion" name="test_admin_users_has_estimated_completion" time="0.072" /><testcase classname="tests.test_step_duration.TestPartnerSubmissionsEstimatedCompletion" name="test_partner_submissions_has_estimated_completion" time="0.409" /><testcase classname="tests.test_step_duration.TestProgressTimestamps" name="test_progress_update_sets_timestamps" time="0.166" /><testcase classname="tests.test_step_duration.TestEstimatedCompletionCalculation" name="test_estimated_completion_is_future_date" time="0.057" /></testsuite></testsuites>