<?xml version="1.0" encoding="utf-8"?><testsuites name="pytest tests"><testsuite name="pytest" errors="0" failures="0" skipped="0" tests="16" time="14.147" timestamp="2026-04-16T13:05:34.570030+00:00" hostname="agent-env-1d72e609-d16f-4a9d-b32f-7b8752ad055c"><testcase classname="backend.tests.test_partner_step_completion.TestPartnerStepCompletion" name="test_01_admin_login" time="0.820" /><testcase classname="backend.tests.test_partner_step_completion.TestPartnerStepCompletion" name="test_02_partner_digifort_login" time="0.695" /><testcase classname="backend.tests.test_partner_step_completion.TestPartnerStepCompletion" name="test_03_partner_hcs_login" time="0.743" /><testcase classname="backend.tests.test_partner_step_completion.TestPartnerStepCompletion" name="test_04_partner_hausarztpraxis_login" time="0.689" /><testcase classname="backend.tests.test_partner_step_completion.TestPartnerStepCompletion" name="test_05_partner_get_submissions_digifort" time="0.741" /><testcase classname="backend.tests.test_partner_step_completion.TestPartnerStepCompletion" name="test_06_partner_get_user_detail_via_submission" time="0.767" /><testcase classname="backend.tests.test_partner_step_completion.TestPartnerStepCompletion" name="test_07_partner_step_id_returned_correctly" time="0.820" /><testcase classname="backend.tests.test_partner_step_completion.TestPartnerStepCompletion" name="test_08_partner_complete_step_sets_completed_status" time="0.997" /><testcase classname="backend.tests.test_partner_step_completion.TestPartnerStepCompletion" name="test_09_completed_at_timestamp_set" time="0.875" /><testcase classname="backend.tests.test_partner_step_completion.TestPartnerStepCompletion" name="test_10_next_step_activated_after_completion" time="2.541" /><testcase classname="backend.tests.test_partner_step_completion.TestPartnerStepCompletion" name="test_11_progress_history_records_changed_by" time="0.929" /><testcase classname="backend.tests.test_partner_step_completion.TestPartnerStepCompletion" name="test_12_user_dr_silva_progress" time="0.803" /><testcase classname="backend.tests.test_partner_step_completion.TestPartnerStepCompletion" name="test_13_user_dr_kumar_progress" time="0.749" /><testcase classname="backend.tests.test_partner_step_completion.TestPartnerStepCompletion" name="test_14_partner_access_via_linked_user_ids" time="0.721" /><testcase classname="backend.tests.test_partner_step_completion.TestPartnerStepCompletion" name="test_15_praxis_partner_no_partner_step_id" time="0.777" /><testcase classname="backend.tests.test_partner_step_completion.TestEmailOnStepCompletion" name="test_email_on_leave_steps" time="0.383" /></testsuite></testsuites>