<?xml version="1.0" encoding="utf-8"?><testsuites name="pytest tests"><testsuite name="pytest" errors="0" failures="0" skipped="0" tests="7" time="2.050" timestamp="2026-04-16T08:01:21.806168+00:00" hostname="agent-env-1d72e609-d16f-4a9d-b32f-7b8752ad055c"><testcase classname="backend.tests.test_step_duration.TestAdminStepsDuration" name="test_admin_steps_returns_duration_fields" time="0.526" /><testcase classname="backend.tests.test_step_duration.TestAdminStepsDuration" name="test_admin_update_step_duration" time="0.238" /><testcase classname="backend.tests.test_step_duration.TestUserEstimatedCompletion" name="test_user_estimated_completion_endpoint" time="0.470" /><testcase classname="backend.tests.test_step_duration.TestAdminUsersEstimatedCompletion" name="test_admin_users_has_estimated_completion" time="0.071" /><testcase classname="backend.tests.test_step_duration.TestPartnerSubmissionsEstimatedCompletion" name="test_partner_submissions_has_estimated_completion" time="0.425" /><testcase classname="backend.tests.test_step_duration.TestProgressTimestamps" name="test_progress_update_sets_timestamps" time="0.187" /><testcase classname="backend.tests.test_step_duration.TestEstimatedCompletionCalculation" name="test_estimated_completion_is_future_date" time="0.065" /></testsuite></testsuites>