<?xml version="1.0" encoding="utf-8"?><testsuites name="pytest tests"><testsuite name="pytest" errors="0" failures="0" skipped="0" tests="10" time="4.544" timestamp="2026-04-17T10:12:21.987369+00:00" hostname="agent-env-1d72e609-d16f-4a9d-b32f-7b8752ad055c"><testcase classname="backend.tests.test_iteration31_features.TestIteration31Features" name="test_01_partners_api_returns_correct_tags" time="0.475" /><testcase classname="backend.tests.test_iteration31_features.TestIteration31Features" name="test_02_landing_page_partner_filter_excludes_praxis" time="0.387" /><testcase classname="backend.tests.test_iteration31_features.TestIteration31Features" name="test_03_steps_api_returns_12_active_steps" time="0.370" /><testcase classname="backend.tests.test_iteration31_features.TestIteration31Features" name="test_04_steps_correct_order_and_names" time="0.381" /><testcase classname="backend.tests.test_iteration31_features.TestIteration31Features" name="test_05_famed_step_has_link_url" time="0.380" /><testcase classname="backend.tests.test_iteration31_features.TestIteration31Features" name="test_06_gleichwertigkeitspruefung_partners_exist" time="0.382" /><testcase classname="backend.tests.test_iteration31_features.TestIteration31Features" name="test_07_admin_delete_partner_creates_and_deletes" time="0.525" /><testcase classname="backend.tests.test_iteration31_features.TestIteration31Features" name="test_08_admin_delete_step_creates_and_deletes" time="0.505" /><testcase classname="backend.tests.test_iteration31_features.TestIteration31Features" name="test_09_user_estimated_completion_api" time="0.696" /><testcase classname="backend.tests.test_iteration31_features.TestIteration31Features" name="test_10_total_partners_count" time="0.368" /></testsuite></testsuites>