<?xml version="1.0" encoding="utf-8"?><testsuites name="pytest tests"><testsuite name="pytest" errors="0" failures="0" skipped="0" tests="9" time="1.552" timestamp="2026-04-20T11:48:26.624087+00:00" hostname="agent-env-1d72e609-d16f-4a9d-b32f-7b8752ad055c"><testcase classname="backend.tests.test_new_features_iter34" name="test_partner_profile_returns_extended_fields" time="0.484" /><testcase classname="backend.tests.test_new_features_iter34" name="test_partner_update_partner_data_persists" time="0.204" /><testcase classname="backend.tests.test_new_features_iter34" name="test_partner_update_rejects_name_category_logo" time="0.097" /><testcase classname="backend.tests.test_new_features_iter34" name="test_partner_insights_payload_shape" time="0.048" /><testcase classname="backend.tests.test_new_features_iter34" name="test_submissions_include_bundesland_and_exclude_partner" time="0.058" /><testcase classname="backend.tests.test_new_features_iter34" name="test_other_users_include_bundesland" time="0.092" /><testcase classname="backend.tests.test_new_features_iter34" name="test_match_fields_present_for_ils" time="0.063" /><testcase classname="backend.tests.test_new_features_iter34" name="test_praxis_partner_profile_has_tags" time="0.375" /><testcase classname="backend.tests.test_new_features_iter34" name="test_praxis_partner_insights" time="0.049" /></testsuite></testsuites>