<?xml version="1.0" encoding="utf-8"?><testsuites name="pytest tests"><testsuite name="pytest" errors="0" failures="0" skipped="0" tests="12" time="3.965" timestamp="2026-04-20T10:49:23.355655+00:00" hostname="agent-env-1d72e609-d16f-4a9d-b32f-7b8752ad055c"><testcase classname="backend.tests.test_survey_v2.TestStepsStructure" name="test_step_count_is_24" time="0.481" /><testcase classname="backend.tests.test_survey_v2.TestStepsStructure" name="test_step_types_per_block" time="0.000" /><testcase classname="backend.tests.test_survey_v2.TestStepsStructure" name="test_decision_step_has_2_options" time="0.000" /><testcase classname="backend.tests.test_survey_v2.TestStepsStructure" name="test_hide_auto_complete_and_block_conditions" time="0.000" /><testcase classname="backend.tests.test_survey_v2.TestStepsStructure" name="test_stammdaten_fields" time="0.000" /><testcase classname="backend.tests.test_survey_v2.TestVisibility" name="test_kumar_blocked_step6" time="0.403" /><testcase classname="backend.tests.test_survey_v2.TestVisibility" name="test_schmidt_upload_hides_partner" time="0.383" /><testcase classname="backend.tests.test_survey_v2.TestVisibility" name="test_yilmaz_partner_hides_upload" time="0.430" /><testcase classname="backend.tests.test_survey_v2.TestAutoComplete" name="test_upload_triggers_milestone_auto_complete" time="0.913" /><testcase classname="backend.tests.test_survey_v2.TestAutoComplete" name="test_partner_does_not_auto_complete_milestone" time="0.880" /><testcase classname="backend.tests.test_survey_v2.TestCompletionMetrics" name="test_admin_users_have_completion_pct" time="0.194" /><testcase classname="backend.tests.test_survey_v2.TestCompletionMetrics" name="test_upload_vs_partner_progress_differ_or_consistent" time="0.185" /></testsuite></testsuites>