<?xml version="1.0" encoding="utf-8"?><testsuites name="pytest tests"><testsuite name="pytest" errors="0" failures="0" skipped="0" tests="11" time="1.828" timestamp="2026-04-16T11:37:55.078040+00:00" hostname="agent-env-1d72e609-d16f-4a9d-b32f-7b8752ad055c"><testcase classname="backend.tests.test_iteration26_features.TestDemoDoctorsSeedData" name="test_demo_doctors_exist" time="0.458" /><testcase classname="backend.tests.test_iteration26_features.TestDemoDoctorsSeedData" name="test_dr_schmidt_has_step1_completed" time="0.165" /><testcase classname="backend.tests.test_iteration26_features.TestStep1FachgebietOptions" name="test_step1_has_15_fachgebiet_options" time="0.048" /><testcase classname="backend.tests.test_iteration26_features.TestPartnerMultiselectionStepType" name="test_create_partner_multiselection_step" time="0.098" /><testcase classname="backend.tests.test_iteration26_features.TestPartnerMultiselectionStepType" name="test_step_types_include_partner_multiselection" time="0.578" /><testcase classname="backend.tests.test_iteration26_features.TestAdminUserDetailStepData" name="test_user_detail_includes_progress_data" time="0.127" /><testcase classname="backend.tests.test_iteration26_features.TestAdminUserDetailStepData" name="test_completed_step_has_form_data" time="0.138" /><testcase classname="backend.tests.test_iteration26_features.TestCodeReviewStepEditor" name="test_step_type_dropdown_has_5_options" time="0.006" /><testcase classname="backend.tests.test_iteration26_features.TestCodeReviewStepEditor" name="test_typ_einstellungen_tab_conditional" time="0.005" /><testcase classname="backend.tests.test_iteration26_features.TestCodeReviewStepEditor" name="test_fields_tab_only_for_form_type" time="0.003" /><testcase classname="backend.tests.test_iteration26_features.TestCleanup" name="test_cleanup_test_data" time="0.134" /></testsuite></testsuites>