<?xml version="1.0" encoding="utf-8"?><testsuites name="pytest tests"><testsuite name="pytest" errors="0" failures="0" skipped="1" tests="7" time="3.814" timestamp="2026-04-15T11:25:08.373658+00:00" hostname="agent-env-1d72e609-d16f-4a9d-b32f-7b8752ad055c"><testcase classname="backend.tests.test_iteration17_features.TestDuplicateSubmissionFix" name="test_submit_to_partner_creates_submission" time="0.887" /><testcase classname="backend.tests.test_iteration17_features.TestDuplicateSubmissionFix" name="test_submit_twice_to_same_partner_updates_not_duplicates" time="0.906" /><testcase classname="backend.tests.test_iteration17_features.TestDuplicateSubmissionFix" name="test_partner_submission_list_shows_each_user_once" time="0.381" /><testcase classname="backend.tests.test_iteration17_features.TestStepDataDisplay" name="test_user_detail_returns_steps_with_fields" time="0.388" /><testcase classname="backend.tests.test_iteration17_features.TestStepDataDisplay" name="test_user_detail_returns_progress_with_data" time="0.388" /><testcase classname="backend.tests.test_iteration17_features.TestStepDataDisplay" name="test_partner_selection_step_has_selected_partner_data" time="0.410" /><testcase classname="backend.tests.test_iteration17_features.TestPartnerCompleteButton" name="test_partner_can_complete_step" time="0.382"><skipped type="pytest.skip" message="All steps already completed">/app/backend/tests/test_iteration17_features.py:327: All steps already completed</skipped></testcase></testsuite></testsuites>