<?xml version="1.0" encoding="utf-8"?><testsuites name="pytest tests"><testsuite name="pytest" errors="0" failures="0" skipped="0" tests="9" time="2.301" timestamp="2026-04-16T11:08:18.867176+00:00" hostname="agent-env-1d72e609-d16f-4a9d-b32f-7b8752ad055c"><testcase classname="backend.tests.test_iteration25_features.TestCreateUserWithRole" name="test_create_user_with_role_user" time="0.765" /><testcase classname="backend.tests.test_iteration25_features.TestCreateUserWithRole" name="test_create_user_with_role_partner_and_partner_id" time="0.461" /><testcase classname="backend.tests.test_iteration25_features.TestCreateUserWithRole" name="test_create_user_with_role_partner_no_partner_id" time="0.283" /><testcase classname="backend.tests.test_iteration25_features.TestPartnerLinkedUsersEnhancements" name="test_partner_has_linked_users_array" time="0.058" /><testcase classname="backend.tests.test_iteration25_features.TestPartnerLinkedUsersEnhancements" name="test_ils_partner_has_linked_user" time="0.063" /><testcase classname="backend.tests.test_iteration25_features.TestPartnerLinkedUsersEnhancements" name="test_unlink_user_changes_role_to_user" time="0.587" /><testcase classname="backend.tests.test_iteration25_features.TestCodeReview" name="test_create_user_dialog_uses_none_sentinel" time="0.006" /><testcase classname="backend.tests.test_iteration25_features.TestCodeReview" name="test_partner_dialog_has_user_search" time="0.005" /><testcase classname="backend.tests.test_iteration25_features.TestCodeReview" name="test_partner_dialog_sorts_checked_users_first" time="0.004" /></testsuite></testsuites>