<?xml version="1.0" encoding="utf-8"?><testsuites name="pytest tests"><testsuite name="pytest" errors="0" failures="0" skipped="0" tests="11" time="2.929" timestamp="2026-04-17T08:32:29.412087+00:00" hostname="agent-env-1d72e609-d16f-4a9d-b32f-7b8752ad055c"><testcase classname="backend.tests.test_iteration29_features.TestCompletionPercentageCalculation" name="test_admin_get_users_completion_pct" time="0.539" /><testcase classname="backend.tests.test_iteration29_features.TestPartnerCanViewAnyUser" name="test_partner_can_view_any_user_detail" time="0.577" /><testcase classname="backend.tests.test_iteration29_features.TestPartnerCanViewAnyUser" name="test_partner_can_view_user_who_submitted_to_different_partner" time="0.584" /><testcase classname="backend.tests.test_iteration29_features.TestPartnerSelectionDataSanitization" name="test_partner_selection_hidden_for_different_partner" time="0.101" /><testcase classname="backend.tests.test_iteration29_features.TestPartnerSelectionDataSanitization" name="test_partner_selection_visible_for_same_partner" time="0.105" /><testcase classname="backend.tests.test_iteration29_features.TestPartnerDashboardCompletionPct" name="test_partner_submissions_completion_pct" time="0.151" /><testcase classname="backend.tests.test_iteration29_features.TestPartnerDashboardCompletionPct" name="test_partner_other_users_completion_pct" time="0.108" /><testcase classname="backend.tests.test_iteration29_features.TestPartnerUserDetailCompletionPct" name="test_user_detail_completion_pct_dr_schmidt" time="0.239" /><testcase classname="backend.tests.test_iteration29_features.TestPartnerUserDetailCompletionPct" name="test_user_detail_completion_pct_dr_kumar" time="0.104" /><testcase classname="backend.tests.test_iteration29_features.TestPartnerUserDetailCompletionPct" name="test_user_detail_completion_pct_dr_ahmed" time="0.256" /><testcase classname="backend.tests.test_iteration29_features.TestStepDurationValues" name="test_verify_step_durations" time="0.097" /></testsuite></testsuites>