<?xml version="1.0" encoding="utf-8"?><testsuites name="pytest tests"><testsuite name="pytest" errors="0" failures="0" skipped="0" tests="11" time="2.679" timestamp="2026-04-16T10:44:32.968754+00:00" hostname="agent-env-1d72e609-d16f-4a9d-b32f-7b8752ad055c"><testcase classname="backend.tests.test_iteration24_features.TestAdminCreateUser" name="test_create_user_success" time="0.775" /><testcase classname="backend.tests.test_iteration24_features.TestAdminCreateUser" name="test_create_user_with_partner_role" time="0.355" /><testcase classname="backend.tests.test_iteration24_features.TestAdminCreateUser" name="test_create_user_duplicate_email_returns_400" time="0.063" /><testcase classname="backend.tests.test_iteration24_features.TestAdminCreateUser" name="test_create_user_requires_admin" time="0.419" /><testcase classname="backend.tests.test_iteration24_features.TestPartnerLinkedUsers" name="test_get_partners_returns_linked_users" time="0.064" /><testcase classname="backend.tests.test_iteration24_features.TestPartnerLinkedUsers" name="test_update_partner_with_linked_user_ids" time="0.416" /><testcase classname="backend.tests.test_iteration24_features.TestPartnerMultiselection" name="test_step_type_partner_multiselection_accepted" time="0.190" /><testcase classname="backend.tests.test_iteration24_features.TestPartnerMultiselection" name="test_submit_multi_endpoint_exists" time="0.115" /><testcase classname="backend.tests.test_iteration24_features.TestPartnerMultiselection" name="test_submit_multi_creates_submissions_for_all_partners" time="0.114" /><testcase classname="backend.tests.test_iteration24_features.TestOverlayMaxHeight" name="test_dialog_content_has_max_height_class" time="0.003" /><testcase classname="backend.tests.test_iteration24_features.TestCleanup" name="test_cleanup_test_users" time="0.077" /></testsuite></testsuites>