<?xml version="1.0" encoding="utf-8"?><testsuites name="pytest tests"><testsuite name="pytest" errors="0" failures="0" skipped="1" tests="59" time="25.916" timestamp="2026-04-16T09:53:48.493031+00:00" hostname="agent-env-1d72e609-d16f-4a9d-b32f-7b8752ad055c"><testcase classname="backend.tests.test_impersonation.TestAdminImpersonation" name="test_admin_can_impersonate_user" time="0.530" /><testcase classname="backend.tests.test_impersonation.TestAdminImpersonation" name="test_admin_can_impersonate_partner" time="0.493" /><testcase classname="backend.tests.test_impersonation.TestAdminImpersonation" name="test_impersonated_token_works" time="0.648" /><testcase classname="backend.tests.test_impersonation.TestAdminImpersonation" name="test_non_admin_cannot_impersonate" time="0.898" /><testcase classname="backend.tests.test_impersonation.TestAdminImpersonation" name="test_impersonate_nonexistent_user" time="0.405" /><testcase classname="backend.tests.test_impersonation.TestAdminImpersonation" name="test_impersonate_creates_audit_log" time="0.561" /><testcase classname="backend.tests.test_impersonation.TestEstimatedCompletionInHeader" name="test_estimated_completion_endpoint" time="0.406" /><testcase classname="backend.tests.test_iteration17_features.TestDuplicateSubmissionFix" name="test_submit_to_partner_creates_submission" time="0.871" /><testcase classname="backend.tests.test_iteration17_features.TestDuplicateSubmissionFix" name="test_submit_twice_to_same_partner_updates_not_duplicates" time="0.999" /><testcase classname="backend.tests.test_iteration17_features.TestDuplicateSubmissionFix" name="test_partner_submission_list_shows_each_user_once" time="0.409" /><testcase classname="backend.tests.test_iteration17_features.TestStepDataDisplay" name="test_user_detail_returns_steps_with_fields" time="0.400" /><testcase classname="backend.tests.test_iteration17_features.TestStepDataDisplay" name="test_user_detail_returns_progress_with_data" time="0.424" /><testcase classname="backend.tests.test_iteration17_features.TestStepDataDisplay" name="test_partner_selection_step_has_selected_partner_data" time="0.401" /><testcase classname="backend.tests.test_iteration17_features.TestPartnerCompleteButton" name="test_partner_can_complete_step" time="0.435"><skipped type="pytest.skip" message="All steps already completed">/app/backend/tests/test_iteration17_features.py:327: All steps already completed</skipped></testcase><testcase classname="backend.tests.test_partner_api.TestPartnerUserDetailAPI" name="test_partner_can_get_user_detail_with_submission" time="0.416" /><testcase classname="backend.tests.test_partner_api.TestPartnerUserDetailAPI" name="test_partner_cannot_access_user_without_submission" time="0.817" /><testcase classname="backend.tests.test_partner_api.TestPartnerUserDetailAPI" name="test_regular_user_cannot_access_partner_endpoint" time="0.417" /><testcase classname="backend.tests.test_partner_api.TestPartnerUserDetailAPI" name="test_unauthenticated_cannot_access_partner_endpoint" time="0.135" /><testcase classname="backend.tests.test_partner_api.TestPartnerUpdateProgressAPI" name="test_partner_can_update_user_progress" time="0.470" /><testcase classname="backend.tests.test_partner_api.TestPartnerUpdateProgressAPI" name="test_partner_cannot_update_progress_for_non_submitted_user" time="0.848" /><testcase classname="backend.tests.test_partner_api.TestPartnerUpdateProgressAPI" name="test_regular_user_cannot_use_partner_update_endpoint" time="0.401" /><testcase classname="backend.tests.test_partner_api.TestAuthLogout" name="test_demo_user_logout" time="0.518" /><testcase classname="backend.tests.test_partner_api.TestAuthLogout" name="test_admin_logout" time="0.480" /><testcase classname="backend.tests.test_partner_api.TestAuthLogout" name="test_partner_logout" time="0.461" /><testcase classname="backend.tests.test_partner_dashboard_v2.TestPartnerDashboardEnhancements" name="test_partner_submissions_returns_completion_pct" time="0.486" /><testcase classname="backend.tests.test_partner_dashboard_v2.TestPartnerDashboardEnhancements" name="test_partner_submissions_returns_field_of_study" time="0.465" /><testcase classname="backend.tests.test_partner_dashboard_v2.TestPartnerDashboardEnhancements" name="test_partner_submissions_returns_estimated_completion" time="0.468" /><testcase classname="backend.tests.test_partner_dashboard_v2.TestPartnerDashboardEnhancements" name="test_partner_other_users_endpoint_exists" time="0.466" /><testcase classname="backend.tests.test_partner_dashboard_v2.TestPartnerDashboardEnhancements" name="test_partner_other_users_has_required_fields" time="0.500" /><testcase classname="backend.tests.test_partner_dashboard_v2.TestPartnerDashboardEnhancements" name="test_partner_other_users_excludes_submitted_users" time="0.577" /><testcase classname="backend.tests.test_partner_dashboard_v2.TestPartnerDashboardEnhancements" name="test_partner_profile_endpoint" time="0.497" /><testcase classname="backend.tests.test_partner_dashboard_v2.TestPartnerDashboardEnhancements" name="test_partner_user_detail_for_submitted_user" time="0.565" /><testcase classname="backend.tests.test_partner_dashboard_v2.TestPartnerDashboardEnhancements" name="test_partner_user_detail_denied_for_non_submitted_user" time="0.533" /><testcase classname="backend.tests.test_partner_dashboard_v2.TestPartnerDashboardAsNonPartner" name="test_regular_user_cannot_access_partner_submissions" time="0.457" /><testcase classname="backend.tests.test_partner_dashboard_v2.TestPartnerDashboardAsNonPartner" name="test_regular_user_cannot_access_other_users" time="0.464" /><testcase classname="backend.tests.test_partner_dashboard_v2.TestDataIntegrity" name="test_completion_pct_is_sortable" time="0.468" /><testcase classname="backend.tests.test_partner_dashboard_v2.TestDataIntegrity" name="test_estimated_completion_is_sortable" time="0.493" /><testcase classname="backend.tests.test_partner_dashboard_v2.TestDataIntegrity" name="test_field_of_study_is_filterable" time="0.464" /><testcase classname="backend.tests.test_settings_api.TestSettingsAPI" name="test_get_settings_public" time="0.133" /><testcase classname="backend.tests.test_settings_api.TestSettingsAPI" name="test_admin_login" time="0.352" /><testcase classname="backend.tests.test_settings_api.TestSettingsAPI" name="test_update_settings_requires_admin" time="0.121" /><testcase classname="backend.tests.test_settings_api.TestSettingsAPI" name="test_update_settings_as_admin" time="0.457" /><testcase classname="backend.tests.test_settings_api.TestSettingsAPI" name="test_update_settings_as_regular_user_fails" time="0.419" /><testcase classname="backend.tests.test_settings_api.TestExistingAPIs" name="test_health_check" time="0.129" /><testcase classname="backend.tests.test_settings_api.TestExistingAPIs" name="test_cms_home_content" time="0.127" /><testcase classname="backend.tests.test_settings_api.TestExistingAPIs" name="test_partners_list" time="0.124" /><testcase classname="backend.tests.test_settings_api.TestExistingAPIs" name="test_steps_require_auth" time="0.124" /><testcase classname="backend.tests.test_settings_api.TestExistingAPIs" name="test_user_dashboard_flow" time="0.522" /><testcase classname="backend.tests.test_settings_api.TestAdminDashboard" name="test_admin_users_list" time="0.430" /><testcase classname="backend.tests.test_settings_api.TestAdminDashboard" name="test_admin_steps_list" time="0.422" /><testcase classname="backend.tests.test_settings_api.TestAdminDashboard" name="test_admin_partners_list" time="0.404" /><testcase classname="backend.tests.test_settings_api.TestAdminDashboard" name="test_admin_analytics" time="0.427" /><testcase classname="backend.tests.test_step_duration.TestAdminStepsDuration" name="test_admin_steps_returns_duration_fields" time="0.402" /><testcase classname="backend.tests.test_step_duration.TestAdminStepsDuration" name="test_admin_update_step_duration" time="0.236" /><testcase classname="backend.tests.test_step_duration.TestUserEstimatedCompletion" name="test_user_estimated_completion_endpoint" time="0.430" /><testcase classname="backend.tests.test_step_duration.TestAdminUsersEstimatedCompletion" name="test_admin_users_has_estimated_completion" time="0.071" /><testcase classname="backend.tests.test_step_duration.TestPartnerSubmissionsEstimatedCompletion" name="test_partner_submissions_has_estimated_completion" time="0.438" /><testcase classname="backend.tests.test_step_duration.TestProgressTimestamps" name="test_progress_update_sets_timestamps" time="0.220" /><testcase classname="backend.tests.test_step_duration.TestEstimatedCompletionCalculation" name="test_estimated_completion_is_future_date" time="0.062" /></testsuite></testsuites>