<?xml version="1.0" encoding="utf-8"?><testsuites name="pytest tests"><testsuite name="pytest" errors="0" failures="0" skipped="0" tests="9" time="12.075" timestamp="2026-04-20T11:19:18.265421+00:00" hostname="agent-env-1d72e609-d16f-4a9d-b32f-7b8752ad055c"><testcase classname="backend.tests.test_new_features_iter33" name="test_anerkennungsstatus_autoskip[dr.petrov@gerdoctor.de-Ich bin in Deutschland approbiert-13-12]" time="2.483" /><testcase classname="backend.tests.test_new_features_iter33" name="test_anerkennungsstatus_autoskip[dr.tanaka@gerdoctor.de-Ich habe die Fachsprachenpr\xfcfung Medizin bestanden-4-3]" time="1.914" /><testcase classname="backend.tests.test_new_features_iter33" name="test_anerkennungsstatus_no_skip" time="2.012" /><testcase classname="backend.tests.test_new_features_iter33" name="test_anerkennungsstatus_idempotent" time="2.115" /><testcase classname="backend.tests.test_new_features_iter33" name="test_admin_progress_update_triggers_autoskip" time="1.944" /><testcase classname="backend.tests.test_new_features_iter33" name="test_cms_home_has_feature_box_keys" time="0.113" /><testcase classname="backend.tests.test_new_features_iter33" name="test_cms_home_update_persists" time="0.277" /><testcase classname="backend.tests.test_new_features_iter33" name="test_step_template_crud" time="0.355" /><testcase classname="backend.tests.test_new_features_iter33" name="test_template_from_step_and_apply_and_cleanup" time="0.797" /></testsuite></testsuites>