<?xml version="1.0" encoding="utf-8"?><testsuites name="pytest tests"><testsuite name="pytest" errors="0" failures="0" skipped="0" tests="10" time="4.827" timestamp="2026-04-15T11:12:38.006091+00:00" hostname="agent-env-1d72e609-d16f-4a9d-b32f-7b8752ad055c"><testcase classname="backend.tests.test_partner_api.TestPartnerUserDetailAPI" name="test_partner_can_get_user_detail_with_submission" time="0.414" /><testcase classname="backend.tests.test_partner_api.TestPartnerUserDetailAPI" name="test_partner_cannot_access_user_without_submission" time="0.771" /><testcase classname="backend.tests.test_partner_api.TestPartnerUserDetailAPI" name="test_regular_user_cannot_access_partner_endpoint" time="0.374" /><testcase classname="backend.tests.test_partner_api.TestPartnerUserDetailAPI" name="test_unauthenticated_cannot_access_partner_endpoint" time="0.117" /><testcase classname="backend.tests.test_partner_api.TestPartnerUpdateProgressAPI" name="test_partner_can_update_user_progress" time="0.419" /><testcase classname="backend.tests.test_partner_api.TestPartnerUpdateProgressAPI" name="test_partner_cannot_update_progress_for_non_submitted_user" time="0.781" /><testcase classname="backend.tests.test_partner_api.TestPartnerUpdateProgressAPI" name="test_regular_user_cannot_use_partner_update_endpoint" time="0.382" /><testcase classname="backend.tests.test_partner_api.TestAuthLogout" name="test_demo_user_logout" time="0.493" /><testcase classname="backend.tests.test_partner_api.TestAuthLogout" name="test_admin_logout" time="0.411" /><testcase classname="backend.tests.test_partner_api.TestAuthLogout" name="test_partner_logout" time="0.433" /></testsuite></testsuites>