<?xml version="1.0" encoding="utf-8"?><testsuites name="pytest tests"><testsuite name="pytest" errors="0" failures="0" skipped="0" tests="13" time="8.222" timestamp="2026-04-16T12:48:34.627508+00:00" hostname="agent-env-1d72e609-d16f-4a9d-b32f-7b8752ad055c"><testcase classname="backend.tests.test_partner_linking.TestPartnerLinking" name="test_01_admin_login" time="0.815" /><testcase classname="backend.tests.test_partner_linking.TestPartnerLinking" name="test_02_partner_create_with_empty_contact_email" time="0.478" /><testcase classname="backend.tests.test_partner_linking.TestPartnerLinking" name="test_03_partner_update_with_empty_contact_email" time="0.531" /><testcase classname="backend.tests.test_partner_linking.TestPartnerLinking" name="test_04_partner_create_with_linked_user_ids" time="0.672" /><testcase classname="backend.tests.test_partner_linking.TestPartnerLinking" name="test_05_partner_update_with_linked_user_ids_no_role_change" time="0.672" /><testcase classname="backend.tests.test_partner_linking.TestPartnerLinking" name="test_06_admin_get_partners_returns_linked_user_ids_and_linked_users" time="0.444" /><testcase classname="backend.tests.test_partner_linking.TestPartnerLinking" name="test_07_admin_create_user_with_partner_role_and_partner_id" time="0.917" /><testcase classname="backend.tests.test_partner_linking.TestPartnerLinking" name="test_08_partner_dashboard_submissions_includes_linked_users" time="0.792" /><testcase classname="backend.tests.test_partner_linking.TestPartnerLinking" name="test_09_partner_dashboard_other_users_excludes_linked" time="0.873" /><testcase classname="backend.tests.test_partner_linking.TestPartnerLinking" name="test_10_users_page_shows_correct_roles_after_linking" time="0.443" /><testcase classname="backend.tests.test_partner_linking.TestPartnerValidation" name="test_partner_create_with_valid_email" time="0.436" /><testcase classname="backend.tests.test_partner_linking.TestPartnerValidation" name="test_partner_create_with_null_email" time="0.425" /><testcase classname="backend.tests.test_partner_linking.TestPartnerValidation" name="test_partner_update_clears_linked_users" time="0.623" /></testsuite></testsuites>