<?xml version="1.0" encoding="utf-8"?><testsuites name="pytest tests"><testsuite name="pytest" errors="0" failures="0" skipped="0" tests="8" time="3.627" timestamp="2026-04-17T08:58:58.513196+00:00" hostname="agent-env-1d72e609-d16f-4a9d-b32f-7b8752ad055c"><testcase classname="tests.test_iteration30_features.TestPartnerLogos" name="test_all_partner_logos_are_valid" time="1.349" /><testcase classname="tests.test_iteration30_features.TestPartnerLogos" name="test_partner_logos_use_emergent_static_images" time="0.109" /><testcase classname="tests.test_iteration30_features.TestPartnerFiltering" name="test_partners_filter_by_praxis_tag" time="0.105" /><testcase classname="tests.test_iteration30_features.TestPartnerFiltering" name="test_partners_filter_by_antragstellung_tag" time="0.299" /><testcase classname="tests.test_iteration30_features.TestPartnerFiltering" name="test_praxis_partners_have_unique_categories" time="0.096" /><testcase classname="tests.test_iteration30_features.TestPartnerSelectionPrefill" name="test_cg_user_step9_has_4_partners_selected" time="0.665" /><testcase classname="tests.test_iteration30_features.TestPartnerSelectionPrefill" name="test_dr_kumar_step2_has_partner_selected" time="0.457" /><testcase classname="tests.test_iteration30_features.TestStepsAPI" name="test_steps_have_correct_types_and_filter_tags" time="0.484" /></testsuite></testsuites>