<?xml version="1.0" encoding="utf-8"?><testsuites name="pytest tests"><testsuite name="pytest" errors="0" failures="2" skipped="1" tests="45" time="19.676" timestamp="2026-04-16T09:27:26.867277+00:00" hostname="agent-env-1d72e609-d16f-4a9d-b32f-7b8752ad055c"><testcase classname="backend.tests.test_impersonation.TestAdminImpersonation" name="test_admin_can_impersonate_user" time="0.517" /><testcase classname="backend.tests.test_impersonation.TestAdminImpersonation" name="test_admin_can_impersonate_partner" time="0.474" /><testcase classname="backend.tests.test_impersonation.TestAdminImpersonation" name="test_impersonated_token_works" time="0.605" /><testcase classname="backend.tests.test_impersonation.TestAdminImpersonation" name="test_non_admin_cannot_impersonate" time="0.943" /><testcase classname="backend.tests.test_impersonation.TestAdminImpersonation" name="test_impersonate_nonexistent_user" time="0.400" /><testcase classname="backend.tests.test_impersonation.TestAdminImpersonation" name="test_impersonate_creates_audit_log" time="0.557" /><testcase classname="backend.tests.test_impersonation.TestEstimatedCompletionInHeader" name="test_estimated_completion_endpoint" time="0.412" /><testcase classname="backend.tests.test_iteration17_features.TestDuplicateSubmissionFix" name="test_submit_to_partner_creates_submission" time="0.874" /><testcase classname="backend.tests.test_iteration17_features.TestDuplicateSubmissionFix" name="test_submit_twice_to_same_partner_updates_not_duplicates" time="1.007" /><testcase classname="backend.tests.test_iteration17_features.TestDuplicateSubmissionFix" name="test_partner_submission_list_shows_each_user_once" time="0.407" /><testcase classname="backend.tests.test_iteration17_features.TestStepDataDisplay" name="test_user_detail_returns_steps_with_fields" time="0.426" /><testcase classname="backend.tests.test_iteration17_features.TestStepDataDisplay" name="test_user_detail_returns_progress_with_data" time="0.408" /><testcase classname="backend.tests.test_iteration17_features.TestStepDataDisplay" name="test_partner_selection_step_has_selected_partner_data" time="0.430" /><testcase classname="backend.tests.test_iteration17_features.TestPartnerCompleteButton" name="test_partner_can_complete_step" time="0.419"><skipped type="pytest.skip" message="All steps already completed">/app/backend/tests/test_iteration17_features.py:327: All steps already completed</skipped></testcase><testcase classname="backend.tests.test_partner_api.TestPartnerUserDetailAPI" name="test_partner_can_get_user_detail_with_submission" time="0.409" /><testcase classname="backend.tests.test_partner_api.TestPartnerUserDetailAPI" name="test_partner_cannot_access_user_without_submission" time="0.832"><failure message="AssertionError: Expected 403, got 200: {&quot;id&quot;:&quot;69de3c12faf9cbab373b72bf&quot;,&quot;email&quot;:&quot;demo@example.com&quot;,&quot;name&quot;:&quot;Demo User&quot;,&quot;progress&quot;:[{&quot;user_id&quot;:&quot;69de3c12faf9cbab373b72bf&quot;,&quot;step_id&quot;:&quot;69de3c12faf9cbab373b72b1&quot;,&quot;status&quot;:&quot;completed&quot;,&quot;data&quot;:{&quot;skipped&quot;:true},&quot;created_at&quot;:&quot;2026-04-14T13:07:30.621306+00:00&quot;,&quot;updated_at&quot;:&quot;2026-04-15T11:11:59.358415+00:00&quot;},{&quot;user_id&quot;:&quot;69de3c12faf9cbab373b72bf&quot;,&quot;step_id&quot;:&quot;69de3c12faf9cbab373b72b2&quot;,&quot;status&quot;:&quot;pending&quot;,&quot;data&quot;:{},&quot;created_at&quot;:&quot;2026-04-14T13:07:30.629613+00:00&quot;,&quot;updated_at&quot;:&quot;2026-04-15T11:12:31.215687+00:00&quot;},{&quot;user_id&quot;:&quot;69de3c12faf9cbab373b72bf&quot;,&quot;step_id&quot;:&quot;69de3c12faf9cbab373b72b3&quot;,&quot;status&quot;:&quot;pending&quot;,&quot;data&quot;:{},&quot;created_at&quot;:&quot;2026-04-14T13:07:30.629880+00:00&quot;,&quot;updated_at&quot;:&quot;2026-04-15T11:12:31.333411+00:00&quot;},{&quot;user_id&quot;:&quot;69de3c12faf9cbab373b72bf&quot;,&quot;step_id&quot;:&quot;69de3c12faf9cbab373b72b4&quot;,&quot;status&quot;:&quot;pending&quot;,&quot;data&quot;:{},&quot;created_at&quot;:&quot;2026-04-14T13:07:30.630209+00:00&quot;,&quot;updated_at&quot;:&quot;2026-04-15T11:12:31.460199+00:00&quot;},{&quot;user_id&quot;:&quot;69de3c12faf9cbab373b72bf&quot;,&quot;step_id&quot;:&quot;69de3c12faf9cbab373b72b5&quot;,&quot;status&quot;:&quot;pending&quot;,&quot;data&quot;:{},&quot;created_at&quot;:&quot;2026-04-14T13:07:30.630648+00:00&quot;,&quot;updated_at&quot;:&quot;2026-04-15T11:12:31.570058+00:00&quot;},{&quot;user_id&quot;:&quot;69de3c12faf9cbab373b72bf&quot;,&quot;step_id&quot;:&quot;69de3c12faf9cbab373b72b6&quot;,&quot;status&quot;:&quot;pending&quot;,&quot;data&quot;:{},&quot;created_at&quot;:&quot;2026-04-14T13:07:30.630879+00:00&quot;,&quot;updated_at&quot;:&quot;2026-04-14T13:07:30.630881+00:00&quot;},{&quot;user_id&quot;:&quot;69de3c12faf9cbab373b72bf&quot;,&quot;step_id&quot;:&quot;69de3c12faf9cbab373b72b7&quot;,&quot;status&quot;:&quot;pending&quot;,&quot;data&quot;:{},&quot;created_at&quot;:&quot;2026-04-14T13:07:30.631072+00:00&quot;,&quot;updated_at&quot;:&quot;2026-04-14T13:07:30.631075+00:00&quot;},{&quot;user_id&quot;:&quot;69de3c12faf9cbab373b72bf&quot;,&quot;step_id&quot;:&quot;69de3c12faf9cbab373b72b8&quot;,&quot;status&quot;:&quot;pending&quot;,&quot;data&quot;:{},&quot;created_at&quot;:&quot;2026-04-14T13:07:30.631270+00:00&quot;,&quot;updated_at&quot;:&quot;2026-04-14T13:07:30.631273+00:00&quot;}],&quot;steps&quot;:[{&quot;title&quot;:&quot;Persönliche Daten&quot;,&quot;description&quot;:&quot;Füllen Sie Ihre persönlichen Informationen aus&quot;,&quot;order&quot;:1,&quot;step_type&quot;:&quot;form&quot;,&quot;fields&quot;:[{&quot;name&quot;:&quot;name&quot;,&quot;field_type&quot;:&quot;text&quot;,&quot;label&quot;:&quot;Name&quot;,&quot;placeholder&quot;:&quot;Ihr Nachname&quot;,&quot;required&quot;:true},{&quot;name&quot;:&quot;first_name&quot;,&quot;field_type&quot;:&quot;text&quot;,&quot;label&quot;:&quot;Vorname&quot;,&quot;placeholder&quot;:&quot;Ihr Vorname&quot;,&quot;required&quot;:true},{&quot;name&quot;:&quot;phone&quot;,&quot;field_type&quot;:&quot;phone&quot;,&quot;label&quot;:&quot;Telefon&quot;,&quot;placeholder&quot;:&quot;+49 (0) 123 456 789&quot;,&quot;required&quot;:true},{&quot;name&quot;:&quot;address&quot;,&quot;field_type&quot;:&quot;text&quot;,&quot;label&quot;:&quot;Adresse&quot;,&quot;placeholder&quot;:&quot;Straße und Hausnummer&quot;,&quot;required&quot;:true},{&quot;name&quot;:&quot;field_of_study&quot;,&quot;field_type&quot;:&quot;selectbox&quot;,&quot;label&quot;:&quot;Fachgebiet&quot;,&quot;options&quot;:[&quot;Allgemeinmedizin&quot;,&quot;Zahnmedizin&quot;,&quot;HNO&quot;],&quot;required&quot;:true},{&quot;name&quot;:&quot;documents&quot;,&quot;field_type&quot;:&quot;multiupload&quot;,&quot;label&quot;:&quot;Dokumente&quot;,&quot;options&quot;:[&quot;Visum&quot;,&quot;Antrag auf Approbation&quot;,&quot;Approbation&quot;,&quot;Eingangsbescheinigung bei zuständiger Behörde&quot;,&quot;Kenntnissprüfung&quot;],&quot;required&quot;:false}],&quot;required_fields&quot;:[&quot;name&quot;,&quot;first_name&quot;,&quot;phone&quot;,&quot;address&quot;,&quot;field_of_study&quot;],&quot;email_on_leave&quot;:true,&quot;is_active&quot;:true,&quot;created_at&quot;:&quot;2026-04-14T13:07:30.369758+00:00&quot;,&quot;duration_unit&quot;:&quot;days&quot;,&quot;duration_value&quot;:0,&quot;id&quot;:&quot;69de3c12faf9cbab373b72b1&quot;},{&quot;title&quot;:&quot;Service Antragstellung&quot;,&quot;description&quot;:&quot;Wählen Sie einen Partner für die Antragstellung&quot;,&quot;order&quot;:2,&quot;step_type&quot;:&quot;partner_selection&quot;,&quot;fields&quot;:[],&quot;filter_tag&quot;:&quot;Antragstellung&quot;,&quot;is_active&quot;:true,&quot;created_at&quot;:&quot;2026-04-14T13:07:30.369770+00:00&quot;,&quot;duration_unit&quot;:&quot;days&quot;,&quot;duration_value&quot;:0,&quot;id&quot;:&quot;69de3c12faf9cbab373b72b2&quot;},{&quot;title&quot;:&quot;Meilenstein Antragstellung&quot;,&quot;description&quot;:&quot;Status Ihrer Antragstellung&quot;,&quot;order&quot;:3,&quot;step_type&quot;:&quot;milestone&quot;,&quot;fields&quot;:[],&quot;pending_message&quot;:&quot;Warten auf Abschluss der Antragstellung. Ihr Partner bearbeitet Ihren Antrag.&quot;,&quot;complete_message&quot;:&quot;Alles erledigt! Sie können zum nächsten Schritt weitergehen.&quot;,&quot;email_on_leave&quot;:true,&quot;is_active&quot;:true,&quot;created_at&quot;:&quot;2026-04-14T13:07:30.369772+00:00&quot;,&quot;duration_unit&quot;:&quot;weeks&quot;,&quot;duration_value&quot;:4,&quot;updated_at&quot;:&quot;2026-04-16T08:01:22.603026+00:00&quot;,&quot;id&quot;:&quot;69de3c12faf9cbab373b72b3&quot;},{&quot;title&quot;:&quot;FaMed&quot;,&quot;description&quot;:&quot;Weiter zur FaMed-Prüfung&quot;,&quot;order&quot;:4,&quot;step_type&quot;:&quot;display&quot;,&quot;fields&quot;:[],&quot;action_label&quot;:&quot;zur FaMed&quot;,&quot;is_active&quot;:true,&quot;created_at&quot;:&quot;2026-04-14T13:07:30.369774+00:00&quot;,&quot;duration_unit&quot;:&quot;days&quot;,&quot;duration_value&quot;:0,&quot;id&quot;:&quot;69de3c12faf9cbab373b72b4&quot;},{&quot;title&quot;:&quot;Service Kenntnisprüfung&quot;,&quot;description&quot;:&quot;Wählen Sie einen Partner für die Kenntnisprüfung&quot;,&quot;order&quot;:5,&quot;step_type&quot;:&quot;partner_selection&quot;,&quot;fields&quot;:[],&quot;filter_tag&quot;:&quot;Kenntnisprüfung&quot;,&quot;is_active&quot;:true,&quot;created_at&quot;:&quot;2026-04-14T13:07:30.369776+00:00&quot;,&quot;duration_unit&quot;:&quot;days&quot;,&quot;duration_value&quot;:0,&quot;id&quot;:&quot;69de3c12faf9cbab373b72b5&quot;},{&quot;title&quot;:&quot;Meilenstein Kenntnisprüfung&quot;,&quot;description&quot;:&quot;Status Ihrer Kenntnisprüfung&quot;,&quot;order&quot;:6,&quot;step_type&quot;:&quot;milestone&quot;,&quot;fields&quot;:[],&quot;pending_message&quot;:&quot;Warten auf Abschluss der Kenntnisprüfung. Ihr Partner bearbeitet Ihre Prüfung.&quot;,&quot;complete_message&quot;:&quot;Alles erledigt! Sie können zum nächsten Schritt weitergehen.&quot;,&quot;email_on_leave&quot;:true,&quot;is_active&quot;:true,&quot;created_at&quot;:&quot;2026-04-14T13:07:30.369778+00:00&quot;,&quot;duration_unit&quot;:&quot;months&quot;,&quot;duration_value&quot;:3,&quot;id&quot;:&quot;69de3c12faf9cbab373b72b6&quot;},{&quot;title&quot;:&quot;Service Weiterbildung&quot;,&quot;description&quot;:&quot;Wählen Sie einen Partner für die Weiterbildung&quot;,&quot;order&quot;:7,&quot;step_type&quot;:&quot;partner_selection&quot;,&quot;fields&quot;:[],&quot;filter_tag&quot;:&quot;Weiterbildung&quot;,&quot;skippable&quot;:true,&quot;skip_label&quot;:&quot;Vorerst überspringen&quot;,&quot;is_active&quot;:true,&quot;created_at&quot;:&quot;2026-04-14T13:07:30.369780+00:00&quot;,&quot;duration_unit&quot;:&quot;days&quot;,&quot;duration_value&quot;:0,&quot;id&quot;:&quot;69de3c12faf9cbab373b72b7&quot;},{&quot;title&quot;:&quot;Meilenstein Job finden&quot;,&quot;description&quot;:&quot;Hier können wir Ihnen helfen!&quot;,&quot;order&quot;:8,&quot;step_type&quot;:&quot;display&quot;,&quot;fields&quot;:[],&quot;pending_message&quot;:&quot;Hier können wir Ihnen helfen!&quot;,&quot;is_active&quot;:true,&quot;created_at&quot;:&quot;2026-04-14T13:07:30.369782+00:00&quot;,&quot;duration_unit&quot;:&quot;weeks&quot;,&quot;duration_value&quot;:2,&quot;id&quot;:&quot;69de3c12faf9cbab373b72b8&quot;}],&quot;completion_pct&quot;:12}&#10;assert 200 == 403&#10; +  where 200 = &lt;Response [200]&gt;.status_code">backend/tests/test_partner_api.py:101: in test_partner_cannot_access_user_without_submission
    assert response.status_code == 403, f"Expected 403, got {response.status_code}: {response.text}"
E   AssertionError: Expected 403, got 200: {"id":"69de3c12faf9cbab373b72bf","email":"demo@example.com","name":"Demo User","progress":[{"user_id":"69de3c12faf9cbab373b72bf","step_id":"69de3c12faf9cbab373b72b1","status":"completed","data":{"skipped":true},"created_at":"2026-04-14T13:07:30.621306+00:00","updated_at":"2026-04-15T11:11:59.358415+00:00"},{"user_id":"69de3c12faf9cbab373b72bf","step_id":"69de3c12faf9cbab373b72b2","status":"pending","data":{},"created_at":"2026-04-14T13:07:30.629613+00:00","updated_at":"2026-04-15T11:12:31.215687+00:00"},{"user_id":"69de3c12faf9cbab373b72bf","step_id":"69de3c12faf9cbab373b72b3","status":"pending","data":{},"created_at":"2026-04-14T13:07:30.629880+00:00","updated_at":"2026-04-15T11:12:31.333411+00:00"},{"user_id":"69de3c12faf9cbab373b72bf","step_id":"69de3c12faf9cbab373b72b4","status":"pending","data":{},"created_at":"2026-04-14T13:07:30.630209+00:00","updated_at":"2026-04-15T11:12:31.460199+00:00"},{"user_id":"69de3c12faf9cbab373b72bf","step_id":"69de3c12faf9cbab373b72b5","status":"pending","data":{},"created_at":"2026-04-14T13:07:30.630648+00:00","updated_at":"2026-04-15T11:12:31.570058+00:00"},{"user_id":"69de3c12faf9cbab373b72bf","step_id":"69de3c12faf9cbab373b72b6","status":"pending","data":{},"created_at":"2026-04-14T13:07:30.630879+00:00","updated_at":"2026-04-14T13:07:30.630881+00:00"},{"user_id":"69de3c12faf9cbab373b72bf","step_id":"69de3c12faf9cbab373b72b7","status":"pending","data":{},"created_at":"2026-04-14T13:07:30.631072+00:00","updated_at":"2026-04-14T13:07:30.631075+00:00"},{"user_id":"69de3c12faf9cbab373b72bf","step_id":"69de3c12faf9cbab373b72b8","status":"pending","data":{},"created_at":"2026-04-14T13:07:30.631270+00:00","updated_at":"2026-04-14T13:07:30.631273+00:00"}],"steps":[{"title":"Persönliche Daten","description":"Füllen Sie Ihre persönlichen Informationen aus","order":1,"step_type":"form","fields":[{"name":"name","field_type":"text","label":"Name","placeholder":"Ihr Nachname","required":true},{"name":"first_name","field_type":"text","label":"Vorname","placeholder":"Ihr Vorname","required":true},{"name":"phone","field_type":"phone","label":"Telefon","placeholder":"+49 (0) 123 456 789","required":true},{"name":"address","field_type":"text","label":"Adresse","placeholder":"Straße und Hausnummer","required":true},{"name":"field_of_study","field_type":"selectbox","label":"Fachgebiet","options":["Allgemeinmedizin","Zahnmedizin","HNO"],"required":true},{"name":"documents","field_type":"multiupload","label":"Dokumente","options":["Visum","Antrag auf Approbation","Approbation","Eingangsbescheinigung bei zuständiger Behörde","Kenntnissprüfung"],"required":false}],"required_fields":["name","first_name","phone","address","field_of_study"],"email_on_leave":true,"is_active":true,"created_at":"2026-04-14T13:07:30.369758+00:00","duration_unit":"days","duration_value":0,"id":"69de3c12faf9cbab373b72b1"},{"title":"Service Antragstellung","description":"Wählen Sie einen Partner für die Antragstellung","order":2,"step_type":"partner_selection","fields":[],"filter_tag":"Antragstellung","is_active":true,"created_at":"2026-04-14T13:07:30.369770+00:00","duration_unit":"days","duration_value":0,"id":"69de3c12faf9cbab373b72b2"},{"title":"Meilenstein Antragstellung","description":"Status Ihrer Antragstellung","order":3,"step_type":"milestone","fields":[],"pending_message":"Warten auf Abschluss der Antragstellung. Ihr Partner bearbeitet Ihren Antrag.","complete_message":"Alles erledigt! Sie können zum nächsten Schritt weitergehen.","email_on_leave":true,"is_active":true,"created_at":"2026-04-14T13:07:30.369772+00:00","duration_unit":"weeks","duration_value":4,"updated_at":"2026-04-16T08:01:22.603026+00:00","id":"69de3c12faf9cbab373b72b3"},{"title":"FaMed","description":"Weiter zur FaMed-Prüfung","order":4,"step_type":"display","fields":[],"action_label":"zur FaMed","is_active":true,"created_at":"2026-04-14T13:07:30.369774+00:00","duration_unit":"days","duration_value":0,"id":"69de3c12faf9cbab373b72b4"},{"title":"Service Kenntnisprüfung","description":"Wählen Sie einen Partner für die Kenntnisprüfung","order":5,"step_type":"partner_selection","fields":[],"filter_tag":"Kenntnisprüfung","is_active":true,"created_at":"2026-04-14T13:07:30.369776+00:00","duration_unit":"days","duration_value":0,"id":"69de3c12faf9cbab373b72b5"},{"title":"Meilenstein Kenntnisprüfung","description":"Status Ihrer Kenntnisprüfung","order":6,"step_type":"milestone","fields":[],"pending_message":"Warten auf Abschluss der Kenntnisprüfung. Ihr Partner bearbeitet Ihre Prüfung.","complete_message":"Alles erledigt! Sie können zum nächsten Schritt weitergehen.","email_on_leave":true,"is_active":true,"created_at":"2026-04-14T13:07:30.369778+00:00","duration_unit":"months","duration_value":3,"id":"69de3c12faf9cbab373b72b6"},{"title":"Service Weiterbildung","description":"Wählen Sie einen Partner für die Weiterbildung","order":7,"step_type":"partner_selection","fields":[],"filter_tag":"Weiterbildung","skippable":true,"skip_label":"Vorerst überspringen","is_active":true,"created_at":"2026-04-14T13:07:30.369780+00:00","duration_unit":"days","duration_value":0,"id":"69de3c12faf9cbab373b72b7"},{"title":"Meilenstein Job finden","description":"Hier können wir Ihnen helfen!","order":8,"step_type":"display","fields":[],"pending_message":"Hier können wir Ihnen helfen!","is_active":true,"created_at":"2026-04-14T13:07:30.369782+00:00","duration_unit":"weeks","duration_value":2,"id":"69de3c12faf9cbab373b72b8"}],"completion_pct":12}
E   assert 200 == 403
E    +  where 200 = &lt;Response [200]&gt;.status_code</failure></testcase><testcase classname="backend.tests.test_partner_api.TestPartnerUserDetailAPI" name="test_regular_user_cannot_access_partner_endpoint" time="0.418" /><testcase classname="backend.tests.test_partner_api.TestPartnerUserDetailAPI" name="test_unauthenticated_cannot_access_partner_endpoint" time="0.135" /><testcase classname="backend.tests.test_partner_api.TestPartnerUpdateProgressAPI" name="test_partner_can_update_user_progress" time="0.494" /><testcase classname="backend.tests.test_partner_api.TestPartnerUpdateProgressAPI" name="test_partner_cannot_update_progress_for_non_submitted_user" time="0.848"><failure message="AssertionError: Expected 403, got 500: Internal Server Error&#10;assert 500 == 403&#10; +  where 500 = &lt;Response [500]&gt;.status_code">backend/tests/test_partner_api.py:191: in test_partner_cannot_update_progress_for_non_submitted_user
    assert response.status_code == 403, f"Expected 403, got {response.status_code}: {response.text}"
E   AssertionError: Expected 403, got 500: Internal Server Error
E   assert 500 == 403
E    +  where 500 = &lt;Response [500]&gt;.status_code</failure></testcase><testcase classname="backend.tests.test_partner_api.TestPartnerUpdateProgressAPI" name="test_regular_user_cannot_use_partner_update_endpoint" time="0.418" /><testcase classname="backend.tests.test_partner_api.TestAuthLogout" name="test_demo_user_logout" time="0.552" /><testcase classname="backend.tests.test_partner_api.TestAuthLogout" name="test_admin_logout" time="0.452" /><testcase classname="backend.tests.test_partner_api.TestAuthLogout" name="test_partner_logout" time="0.452" /><testcase classname="backend.tests.test_settings_api.TestSettingsAPI" name="test_get_settings_public" time="0.122" /><testcase classname="backend.tests.test_settings_api.TestSettingsAPI" name="test_admin_login" time="0.348" /><testcase classname="backend.tests.test_settings_api.TestSettingsAPI" name="test_update_settings_requires_admin" time="0.138" /><testcase classname="backend.tests.test_settings_api.TestSettingsAPI" name="test_update_settings_as_admin" time="0.716" /><testcase classname="backend.tests.test_settings_api.TestSettingsAPI" name="test_update_settings_as_regular_user_fails" time="0.403" /><testcase classname="backend.tests.test_settings_api.TestExistingAPIs" name="test_health_check" time="0.120" /><testcase classname="backend.tests.test_settings_api.TestExistingAPIs" name="test_cms_home_content" time="0.122" /><testcase classname="backend.tests.test_settings_api.TestExistingAPIs" name="test_partners_list" time="0.147" /><testcase classname="backend.tests.test_settings_api.TestExistingAPIs" name="test_steps_require_auth" time="0.141" /><testcase classname="backend.tests.test_settings_api.TestExistingAPIs" name="test_user_dashboard_flow" time="0.550" /><testcase classname="backend.tests.test_settings_api.TestAdminDashboard" name="test_admin_users_list" time="0.456" /><testcase classname="backend.tests.test_settings_api.TestAdminDashboard" name="test_admin_steps_list" time="0.420" /><testcase classname="backend.tests.test_settings_api.TestAdminDashboard" name="test_admin_partners_list" time="0.413" /><testcase classname="backend.tests.test_settings_api.TestAdminDashboard" name="test_admin_analytics" time="0.433" /><testcase classname="backend.tests.test_step_duration.TestAdminStepsDuration" name="test_admin_steps_returns_duration_fields" time="0.411" /><testcase classname="backend.tests.test_step_duration.TestAdminStepsDuration" name="test_admin_update_step_duration" time="0.555" /><testcase classname="backend.tests.test_step_duration.TestUserEstimatedCompletion" name="test_user_estimated_completion_endpoint" time="0.406" /><testcase classname="backend.tests.test_step_duration.TestAdminUsersEstimatedCompletion" name="test_admin_users_has_estimated_completion" time="0.072" /><testcase classname="backend.tests.test_step_duration.TestPartnerSubmissionsEstimatedCompletion" name="test_partner_submissions_has_estimated_completion" time="0.403" /><testcase classname="backend.tests.test_step_duration.TestProgressTimestamps" name="test_progress_update_sets_timestamps" time="0.176" /><testcase classname="backend.tests.test_step_duration.TestEstimatedCompletionCalculation" name="test_estimated_completion_is_future_date" time="0.059" /></testsuite></testsuites>